This file contains any messages produced by compilers while
running configure, to aid debugging if configure makes a mistake.

It was created by iptables configure 1.4.10, which was
generated by GNU Autoconf 2.65.  Invocation command line was

  $ ./configure 

## --------- ##
## Platform. ##
## --------- ##

hostname = ski
uname -m = x86_64
uname -r = 3.11.10-301.fc20.x86_64
uname -s = Linux
uname -v = #1 SMP Thu Dec 5 14:01:17 UTC 2013

/usr/bin/uname -p = x86_64
/bin/uname -X     = unknown

/bin/arch              = x86_64
/usr/bin/arch -k       = unknown
/usr/convex/getsysinfo = unknown
/usr/bin/hostinfo      = unknown
/bin/machine           = unknown
/usr/bin/oslevel       = unknown
/bin/universe          = unknown

PATH: /bin
PATH: /usr/local/bin
PATH: /usr/bin
PATH: /usr/ucb
PATH: /etc
PATH: /usr/X11R6/bin
PATH: /usr/local/bin
PATH: .
PATH: /usr/local/bin
PATH: /opt/buildroot-gcc463/usr/bin
PATH: /opt/surfmilo/cross-dev/usr/bin


## ----------- ##
## Core tests. ##
## ----------- ##

configure:2409: checking for a BSD-compatible install
configure:2477: result: /bin/install -c
configure:2490: checking whether build environment is sane
configure:2540: result: yes
configure:2681: checking for a thread-safe mkdir -p
configure:2720: result: /bin/mkdir -p
configure:2733: checking for gawk
configure:2749: found /bin/gawk
configure:2760: result: gawk
configure:2771: checking whether make sets $(MAKE)
configure:2793: result: yes
configure:2921: checking for gcc
configure:2937: found /bin/gcc
configure:2948: result: gcc
configure:3177: checking for C compiler version
configure:3186: gcc --version >&5
gcc (GCC) 4.8.3 20140624 (Red Hat 4.8.3-1)
Copyright (C) 2013 Free Software Foundation, Inc.
This is free software; see the source for copying conditions.  There is NO
warranty; not even for MERCHANTABILITY or FITNESS FOR A PARTICULAR PURPOSE.

configure:3197: $? = 0
configure:3186: gcc -v >&5
Using built-in specs.
COLLECT_GCC=gcc
COLLECT_LTO_WRAPPER=/usr/libexec/gcc/x86_64-redhat-linux/4.8.3/lto-wrapper
Target: x86_64-redhat-linux
Configured with: ../configure --prefix=/usr --mandir=/usr/share/man --infodir=/usr/share/info --with-bugurl=http://bugzilla.redhat.com/bugzilla --enable-bootstrap --enable-shared --enable-threads=posix --enable-checking=release --with-system-zlib --enable-__cxa_atexit --disable-libunwind-exceptions --enable-gnu-unique-object --enable-linker-build-id --with-linker-hash-style=gnu --enable-languages=c,c++,objc,obj-c++,java,fortran,ada,go,lto --enable-plugin --enable-initfini-array --enable-java-awt=gtk --disable-dssi --with-java-home=/usr/lib/jvm/java-1.5.0-gcj-1.5.0.0/jre --enable-libgcj-multifile --enable-java-maintainer-mode --with-ecj-jar=/usr/share/java/eclipse-ecj.jar --disable-libjava-multilib --with-isl=/builddir/build/BUILD/gcc-4.8.3-20140624/obj-x86_64-redhat-linux/isl-install --with-cloog=/builddir/build/BUILD/gcc-4.8.3-20140624/obj-x86_64-redhat-linux/cloog-install --with-tune=generic --with-arch_32=i686 --build=x86_64-redhat-linux
Thread model: posix
gcc version 4.8.3 20140624 (Red Hat 4.8.3-1) (GCC) 
configure:3197: $? = 0
configure:3186: gcc -V >&5
gcc: error: unrecognized command line option '-V'
gcc: fatal error: no input files
compilation terminated.
configure:3197: $? = 4
configure:3186: gcc -qversion >&5
gcc: error: unrecognized command line option '-qversion'
gcc: fatal error: no input files
compilation terminated.
configure:3197: $? = 4
configure:3217: checking whether the C compiler works
configure:3239: gcc    conftest.c  >&5
configure:3243: $? = 0
configure:3292: result: yes
configure:3295: checking for C compiler default output file name
configure:3297: result: a.out
configure:3303: checking for suffix of executables
configure:3310: gcc -o conftest    conftest.c  >&5
configure:3314: $? = 0
configure:3336: result: 
configure:3358: checking whether we are cross compiling
configure:3366: gcc -o conftest    conftest.c  >&5
configure:3370: $? = 0
configure:3377: ./conftest
configure:3381: $? = 0
configure:3396: result: no
configure:3401: checking for suffix of object files
configure:3423: gcc -c   conftest.c >&5
configure:3427: $? = 0
configure:3448: result: o
configure:3452: checking whether we are using the GNU C compiler
configure:3471: gcc -c   conftest.c >&5
configure:3471: $? = 0
configure:3480: result: yes
configure:3489: checking whether gcc accepts -g
configure:3509: gcc -c -g  conftest.c >&5
configure:3509: $? = 0
configure:3550: result: yes
configure:3567: checking for gcc option to accept ISO C89
configure:3631: gcc  -c -g -O2  conftest.c >&5
configure:3631: $? = 0
configure:3644: result: none needed
configure:3675: checking for style of include used by make
configure:3703: result: GNU
configure:3728: checking dependency style of gcc
configure:3838: result: gcc3
configure:3854: checking whether gcc and cc understand -c and -o together
configure:3885: gcc -c conftest.c -o conftest2.o >&5
configure:3889: $? = 0
configure:3895: gcc -c conftest.c -o conftest2.o >&5
configure:3899: $? = 0
configure:3910: cc -c conftest.c >&5
configure:3914: $? = 0
configure:3922: cc -c conftest.c -o conftest2.o >&5
configure:3926: $? = 0
configure:3932: cc -c conftest.c -o conftest2.o >&5
configure:3936: $? = 0
configure:3954: result: yes
configure:4039: checking build system type
configure:4053: result: x86_64-unknown-linux-gnu
configure:4073: checking host system type
configure:4086: result: x86_64-unknown-linux-gnu
configure:4106: checking for a sed that does not truncate output
configure:4170: result: /bin/sed
configure:4188: checking for grep that handles long lines and -e
configure:4246: result: /bin/grep
configure:4251: checking for egrep
configure:4313: result: /bin/grep -E
configure:4318: checking for fgrep
configure:4380: result: /bin/grep -F
configure:4415: checking for ld used by gcc
configure:4482: result: /bin/ld
configure:4489: checking if the linker (/bin/ld) is GNU ld
configure:4504: result: yes
configure:4516: checking for BSD- or MS-compatible name lister (nm)
configure:4565: result: /bin/nm -B
configure:4683: checking the name lister (/bin/nm -B) interface
configure:4690: gcc -c -g -O2  conftest.c >&5
configure:4693: /bin/nm -B "conftest.o"
configure:4696: output
0000000000000000 B some_variable
configure:4703: result: BSD nm
configure:4706: checking whether ln -s works
configure:4710: result: yes
configure:4718: checking the maximum length of command line arguments
configure:4838: result: 1572864
configure:4855: checking whether the shell understands some XSI constructs
configure:4865: result: yes
configure:4869: checking whether the shell understands "+="
configure:4875: result: yes
configure:4910: checking for /bin/ld option to reload object files
configure:4917: result: -r
configure:4986: checking for objdump
configure:5002: found /bin/objdump
configure:5013: result: objdump
configure:5045: checking how to recognize dependent libraries
configure:5241: result: pass_all
configure:5301: checking for ar
configure:5317: found /bin/ar
configure:5328: result: ar
configure:5406: checking for strip
configure:5422: found /bin/strip
configure:5433: result: strip
configure:5505: checking for ranlib
configure:5521: found /bin/ranlib
configure:5532: result: ranlib
configure:5622: checking command to parse /bin/nm -B output from gcc object
configure:5740: gcc -c -g -O2  conftest.c >&5
configure:5743: $? = 0
configure:5747: /bin/nm -B conftest.o \| sed -n -e 's/^.*[	 ]\([ABCDGIRSTW][ABCDGIRSTW]*\)[	 ][	 ]*\([_A-Za-z][_A-Za-z0-9]*\)$/\1 \2 \2/p' \> conftest.nm
configure:5750: $? = 0
configure:5804: gcc -o conftest -g -O2   conftest.c conftstm.o >&5
configure:5807: $? = 0
configure:5845: result: ok
configure:5941: gcc -c -g -O2  conftest.c >&5
configure:5944: $? = 0
configure:6654: checking how to run the C preprocessor
configure:6685: gcc -E  conftest.c
configure:6685: $? = 0
configure:6699: gcc -E  conftest.c
conftest.c:11:28: fatal error: ac_nonexistent.h: No such file or directory
 #include <ac_nonexistent.h>
                            ^
compilation terminated.
configure:6699: $? = 1
configure: failed program was:
| /* confdefs.h */
| #define PACKAGE_NAME "iptables"
| #define PACKAGE_TARNAME "iptables"
| #define PACKAGE_VERSION "1.4.10"
| #define PACKAGE_STRING "iptables 1.4.10"
| #define PACKAGE_BUGREPORT ""
| #define PACKAGE_URL ""
| #define PACKAGE "iptables"
| #define VERSION "1.4.10"
| /* end confdefs.h.  */
| #include <ac_nonexistent.h>
configure:6724: result: gcc -E
configure:6744: gcc -E  conftest.c
configure:6744: $? = 0
configure:6758: gcc -E  conftest.c
conftest.c:11:28: fatal error: ac_nonexistent.h: No such file or directory
 #include <ac_nonexistent.h>
                            ^
compilation terminated.
configure:6758: $? = 1
configure: failed program was:
| /* confdefs.h */
| #define PACKAGE_NAME "iptables"
| #define PACKAGE_TARNAME "iptables"
| #define PACKAGE_VERSION "1.4.10"
| #define PACKAGE_STRING "iptables 1.4.10"
| #define PACKAGE_BUGREPORT ""
| #define PACKAGE_URL ""
| #define PACKAGE "iptables"
| #define VERSION "1.4.10"
| /* end confdefs.h.  */
| #include <ac_nonexistent.h>
configure:6787: checking for ANSI C header files
configure:6807: gcc -c -g -O2  conftest.c >&5
configure:6807: $? = 0
configure:6880: gcc -o conftest -g -O2   conftest.c  >&5
configure:6880: $? = 0
configure:6880: ./conftest
configure:6880: $? = 0
configure:6891: result: yes
configure:6904: checking for sys/types.h
configure:6904: gcc -c -g -O2  conftest.c >&5
configure:6904: $? = 0
configure:6904: result: yes
configure:6904: checking for sys/stat.h
configure:6904: gcc -c -g -O2  conftest.c >&5
configure:6904: $? = 0
configure:6904: result: yes
configure:6904: checking for stdlib.h
configure:6904: gcc -c -g -O2  conftest.c >&5
configure:6904: $? = 0
configure:6904: result: yes
configure:6904: checking for string.h
configure:6904: gcc -c -g -O2  conftest.c >&5
configure:6904: $? = 0
configure:6904: result: yes
configure:6904: checking for memory.h
configure:6904: gcc -c -g -O2  conftest.c >&5
configure:6904: $? = 0
configure:6904: result: yes
configure:6904: checking for strings.h
configure:6904: gcc -c -g -O2  conftest.c >&5
configure:6904: $? = 0
configure:6904: result: yes
configure:6904: checking for inttypes.h
configure:6904: gcc -c -g -O2  conftest.c >&5
configure:6904: $? = 0
configure:6904: result: yes
configure:6904: checking for stdint.h
configure:6904: gcc -c -g -O2  conftest.c >&5
configure:6904: $? = 0
configure:6904: result: yes
configure:6904: checking for unistd.h
configure:6904: gcc -c -g -O2  conftest.c >&5
configure:6904: $? = 0
configure:6904: result: yes
configure:6919: checking for dlfcn.h
configure:6919: gcc -c -g -O2  conftest.c >&5
configure:6919: $? = 0
configure:6919: result: yes
configure:7073: checking for objdir
configure:7088: result: .libs
configure:7384: checking if gcc supports -fno-rtti -fno-exceptions
configure:7402: gcc -c -g -O2  -fno-rtti -fno-exceptions conftest.c >&5
cc1: warning: command line option '-fno-rtti' is valid for C++/ObjC++ but not for C [enabled by default]
configure:7406: $? = 0
configure:7419: result: no
configure:7439: checking for gcc option to produce PIC
configure:7711: result: -fPIC -DPIC
configure:7723: checking if gcc PIC flag -fPIC -DPIC works
configure:7741: gcc -c -g -O2  -fPIC -DPIC -DPIC conftest.c >&5
configure:7745: $? = 0
configure:7758: result: yes
configure:7782: checking if gcc static flag -static works
configure:7810: result: no
configure:7825: checking if gcc supports -c -o file.o
configure:7846: gcc -c -g -O2  -o out/conftest2.o conftest.c >&5
configure:7850: $? = 0
configure:7872: result: yes
configure:7880: checking if gcc supports -c -o file.o
configure:7927: result: yes
configure:7960: checking whether the gcc linker (/bin/ld -m elf_x86_64) supports shared libraries
configure:8951: result: yes
configure:8988: checking whether -lc should be explicitly linked in
configure:8993: gcc -c -g -O2  conftest.c >&5
configure:8996: $? = 0
configure:9011: gcc -shared conftest.o  -v -Wl,-soname -Wl,conftest -o conftest 2\>\&1 \| /bin/grep  -lc  \>/dev/null 2\>\&1
configure:9014: $? = 0
configure:9026: result: no
configure:9190: checking dynamic linker characteristics
configure:9623: gcc -o conftest -g -O2   -Wl,-rpath -Wl,/foo conftest.c  >&5
configure:9623: $? = 0
configure:9853: result: GNU/Linux ld.so
configure:9955: checking how to hardcode library paths into programs
configure:9980: result: immediate
configure:10500: checking whether stripping libraries is possible
configure:10505: result: yes
configure:10540: checking if libtool supports shared libraries
configure:10542: result: yes
configure:10545: checking whether to build shared libraries
configure:10566: result: yes
configure:10569: checking whether to build static libraries
configure:10573: result: no
configure:10679: checking whether the linker accepts -Wl,--no-as-needed
configure:10698: gcc -o conftest -g -O2  -Wl,--no-as-needed conftest.c  >&5
configure:10698: $? = 0
configure:10709: result: yes
configure:10721: checking linux/dccp.h usability
configure:10721: gcc -c -g -O2  conftest.c >&5
configure:10721: $? = 0
configure:10721: result: yes
configure:10721: checking linux/dccp.h presence
configure:10721: gcc -E  conftest.c
configure:10721: $? = 0
configure:10721: result: yes
configure:10721: checking for linux/dccp.h
configure:10721: result: yes
configure:10731: checking linux/ip_vs.h usability
configure:10731: gcc -c -g -O2  conftest.c >&5
configure:10731: $? = 0
configure:10731: result: yes
configure:10731: checking linux/ip_vs.h presence
configure:10731: gcc -E  conftest.c
configure:10731: $? = 0
configure:10731: result: yes
configure:10731: checking for linux/ip_vs.h
configure:10731: result: yes
configure:10853: checking for pkg-config
configure:10871: found /bin/pkg-config
configure:10883: result: /bin/pkg-config
configure:10908: checking pkg-config is at least version 0.9.0
configure:10911: result: yes
configure:10921: checking for libnfnetlink
configure:10928: $PKG_CONFIG --exists --print-errors "libnfnetlink >= 1.0"
configure:10931: $? = 0
configure:10944: $PKG_CONFIG --exists --print-errors "libnfnetlink >= 1.0"
configure:10947: $? = 0
configure:10984: result: yes
configure:11175: creating ./config.status

## ---------------------- ##
## Running config.status. ##
## ---------------------- ##

This file was extended by iptables config.status 1.4.10, which was
generated by GNU Autoconf 2.65.  Invocation command line was

  CONFIG_FILES    = 
  CONFIG_HEADERS  = 
  CONFIG_LINKS    = 
  CONFIG_COMMANDS = 
  $ ./config.status 

on ski

config.status:1104: creating Makefile
config.status:1104: creating extensions/GNUmakefile
config.status:1104: creating include/Makefile
config.status:1104: creating libipq/Makefile
config.status:1104: creating utils/Makefile
config.status:1104: creating include/xtables.h
config.status:1104: creating include/iptables/internal.h
config.status:1104: creating libiptc.pc
config.status:1104: creating xtables.pc
config.status:1104: creating config.h
config.status:1276: config.h is unchanged
config.status:1324: executing depfiles commands
config.status:1324: executing libtool commands

## ---------------- ##
## Cache variables. ##
## ---------------- ##

ac_cv_build=x86_64-unknown-linux-gnu
ac_cv_c_compiler_gnu=yes
ac_cv_env_CC_set=
ac_cv_env_CC_value=
ac_cv_env_CFLAGS_set=
ac_cv_env_CFLAGS_value=
ac_cv_env_CPPFLAGS_set=
ac_cv_env_CPPFLAGS_value=
ac_cv_env_CPP_set=
ac_cv_env_CPP_value=
ac_cv_env_LDFLAGS_set=
ac_cv_env_LDFLAGS_value=
ac_cv_env_LIBS_set=
ac_cv_env_LIBS_value=
ac_cv_env_PKG_CONFIG_LIBDIR_set=
ac_cv_env_PKG_CONFIG_LIBDIR_value=
ac_cv_env_PKG_CONFIG_PATH_set=
ac_cv_env_PKG_CONFIG_PATH_value=
ac_cv_env_PKG_CONFIG_set=
ac_cv_env_PKG_CONFIG_value=
ac_cv_env_build_alias_set=
ac_cv_env_build_alias_value=
ac_cv_env_host_alias_set=
ac_cv_env_host_alias_value=
ac_cv_env_libnfnetlink_CFLAGS_set=
ac_cv_env_libnfnetlink_CFLAGS_value=
ac_cv_env_libnfnetlink_LIBS_set=
ac_cv_env_libnfnetlink_LIBS_value=
ac_cv_env_target_alias_set=
ac_cv_env_target_alias_value=
ac_cv_header_dlfcn_h=yes
ac_cv_header_inttypes_h=yes
ac_cv_header_linux_dccp_h=yes
ac_cv_header_linux_ip_vs_h=yes
ac_cv_header_memory_h=yes
ac_cv_header_stdc=yes
ac_cv_header_stdint_h=yes
ac_cv_header_stdlib_h=yes
ac_cv_header_string_h=yes
ac_cv_header_strings_h=yes
ac_cv_header_sys_stat_h=yes
ac_cv_header_sys_types_h=yes
ac_cv_header_unistd_h=yes
ac_cv_host=x86_64-unknown-linux-gnu
ac_cv_objext=o
ac_cv_path_EGREP='/bin/grep -E'
ac_cv_path_FGREP='/bin/grep -F'
ac_cv_path_GREP=/bin/grep
ac_cv_path_SED=/bin/sed
ac_cv_path_ac_pt_PKG_CONFIG=/bin/pkg-config
ac_cv_path_install='/bin/install -c'
ac_cv_path_mkdir=/bin/mkdir
ac_cv_prog_AWK=gawk
ac_cv_prog_CPP='gcc -E'
ac_cv_prog_ac_ct_AR=ar
ac_cv_prog_ac_ct_CC=gcc
ac_cv_prog_ac_ct_OBJDUMP=objdump
ac_cv_prog_ac_ct_RANLIB=ranlib
ac_cv_prog_ac_ct_STRIP=strip
ac_cv_prog_cc_c89=
ac_cv_prog_cc_g=yes
ac_cv_prog_cc_gcc_c_o=yes
ac_cv_prog_make_make_set=yes
am_cv_CC_dependencies_compiler_type=gcc3
ax_cv_linker_flags__Wl___no_as_needed=yes
lt_cv_deplibs_check_method=pass_all
lt_cv_file_magic_cmd='$MAGIC_CMD'
lt_cv_file_magic_test_file=
lt_cv_ld_reload_flag=-r
lt_cv_nm_interface='BSD nm'
lt_cv_objdir=.libs
lt_cv_path_LD=/bin/ld
lt_cv_path_NM='/bin/nm -B'
lt_cv_prog_compiler_c_o=yes
lt_cv_prog_compiler_pic_works=yes
lt_cv_prog_compiler_rtti_exceptions=no
lt_cv_prog_compiler_static_works=no
lt_cv_prog_gnu_ld=yes
lt_cv_sys_global_symbol_pipe='sed -n -e '\''s/^.*[	 ]\([ABCDGIRSTW][ABCDGIRSTW]*\)[	 ][	 ]*\([_A-Za-z][_A-Za-z0-9]*\)$/\1 \2 \2/p'\'''
lt_cv_sys_global_symbol_to_c_name_address='sed -n -e '\''s/^: \([^ ]*\) $/  {\"\1\", (void *) 0},/p'\'' -e '\''s/^[ABCDGIRSTW]* \([^ ]*\) \([^ ]*\)$/  {"\2", (void *) \&\2},/p'\'''
lt_cv_sys_global_symbol_to_c_name_address_lib_prefix='sed -n -e '\''s/^: \([^ ]*\) $/  {\"\1\", (void *) 0},/p'\'' -e '\''s/^[ABCDGIRSTW]* \([^ ]*\) \(lib[^ ]*\)$/  {"\2", (void *) \&\2},/p'\'' -e '\''s/^[ABCDGIRSTW]* \([^ ]*\) \([^ ]*\)$/  {"lib\2", (void *) \&\2},/p'\'''
lt_cv_sys_global_symbol_to_cdecl='sed -n -e '\''s/^T .* \(.*\)$/extern int \1();/p'\'' -e '\''s/^[ABCDGIRSTW]* .* \(.*\)$/extern char \1;/p'\'''
lt_cv_sys_max_cmd_len=1572864
pkg_cv_libnfnetlink_CFLAGS='-I/usr/local/include  '
pkg_cv_libnfnetlink_LIBS='-L/usr/local/lib -lnfnetlink  '

## ----------------- ##
## Output variables. ##
## ----------------- ##

ACLOCAL='${SHELL} /home/mt7621/userapps/iptables-1.4.10/missing --run aclocal-1.11'
AMDEPBACKSLASH='\'
AMDEP_FALSE='#'
AMDEP_TRUE=''
AMTAR='${SHELL} /home/mt7621/userapps/iptables-1.4.10/missing --run tar'
AR='ar'
AUTOCONF='${SHELL} /home/mt7621/userapps/iptables-1.4.10/missing --run autoconf'
AUTOHEADER='${SHELL} /home/mt7621/userapps/iptables-1.4.10/missing --run autoheader'
AUTOMAKE='${SHELL} /home/mt7621/userapps/iptables-1.4.10/missing --run automake-1.11'
AWK='gawk'
CC='gcc'
CCDEPMODE='depmode=gcc3'
CFLAGS='-g -O2'
CPP='gcc -E'
CPPFLAGS=''
CYGPATH_W='echo'
DEFS='-DHAVE_CONFIG_H'
DEPDIR='.deps'
DSYMUTIL=''
DUMPBIN=''
ECHO_C=''
ECHO_N='-n'
ECHO_T=''
EGREP='/bin/grep -E'
ENABLE_DEVEL_FALSE='#'
ENABLE_DEVEL_TRUE=''
ENABLE_IPV4_FALSE='#'
ENABLE_IPV4_TRUE=''
ENABLE_IPV6_FALSE='#'
ENABLE_IPV6_TRUE=''
ENABLE_LARGEFILE_FALSE='#'
ENABLE_LARGEFILE_TRUE=''
ENABLE_LIBIPQ_FALSE=''
ENABLE_LIBIPQ_TRUE='#'
ENABLE_SHARED_FALSE='#'
ENABLE_SHARED_TRUE=''
ENABLE_STATIC_FALSE=''
ENABLE_STATIC_TRUE='#'
EXEEXT=''
FGREP='/bin/grep -F'
GREP='/bin/grep'
HAVE_LIBNFNETLINK_FALSE='#'
HAVE_LIBNFNETLINK_TRUE=''
INSTALL_DATA='${INSTALL} -m 644'
INSTALL_PROGRAM='${INSTALL}'
INSTALL_SCRIPT='${INSTALL}'
INSTALL_STRIP_PROGRAM='$(install_sh) -c -s'
LD='/bin/ld -m elf_x86_64'
LDFLAGS=''
LIBOBJS=''
LIBS=''
LIBTOOL='$(SHELL) $(top_builddir)/libtool'
LIPO=''
LN_S='ln -s'
LTLIBOBJS=''
MAKEINFO='${SHELL} /home/mt7621/userapps/iptables-1.4.10/missing --run makeinfo'
MKDIR_P='/bin/mkdir -p'
NM='/bin/nm -B'
NMEDIT=''
OBJDUMP='objdump'
OBJEXT='o'
OTOOL64=''
OTOOL=''
PACKAGE='iptables'
PACKAGE_BUGREPORT=''
PACKAGE_NAME='iptables'
PACKAGE_STRING='iptables 1.4.10'
PACKAGE_TARNAME='iptables'
PACKAGE_URL=''
PACKAGE_VERSION='1.4.10'
PATH_SEPARATOR=':'
PKG_CONFIG='/bin/pkg-config'
PKG_CONFIG_LIBDIR=''
PKG_CONFIG_PATH=''
RANLIB='ranlib'
SED='/bin/sed'
SET_MAKE=''
SHELL='/bin/bash'
STRIP='strip'
VERSION='1.4.10'
ac_ct_CC='gcc'
ac_ct_DUMPBIN=''
am__EXEEXT_FALSE=''
am__EXEEXT_TRUE='#'
am__fastdepCC_FALSE='#'
am__fastdepCC_TRUE=''
am__include='include'
am__isrc=''
am__leading_dot='.'
am__quote=''
am__tar='${AMTAR} chof - "$$tardir"'
am__untar='${AMTAR} xf -'
bindir='${exec_prefix}/bin'
blacklist_modules=''
build='x86_64-unknown-linux-gnu'
build_alias=''
build_cpu='x86_64'
build_os='linux-gnu'
build_vendor='unknown'
datadir='${datarootdir}'
datarootdir='${prefix}/share'
docdir='${datarootdir}/doc/${PACKAGE_TARNAME}'
dvidir='${docdir}'
exec_prefix='${prefix}'
host='x86_64-unknown-linux-gnu'
host_alias=''
host_cpu='x86_64'
host_os='linux-gnu'
host_vendor='unknown'
htmldir='${docdir}'
includedir='${prefix}/include'
infodir='${datarootdir}/info'
install_sh='${SHELL} /home/mt7621/userapps/iptables-1.4.10/install-sh'
kbuilddir=''
kinclude_CFLAGS=''
ksourcedir=''
libdir='${exec_prefix}/lib'
libexecdir='${exec_prefix}/libexec'
libiptc_LDFLAGS2='-Wl,--no-as-needed'
libnfnetlink_CFLAGS='-I/usr/local/include  '
libnfnetlink_LIBS='-L/usr/local/lib -lnfnetlink  '
libxtables_vage='0'
libxtables_vcurrent='5'
libxtables_vmajor='5'
localedir='${datarootdir}/locale'
localstatedir='${prefix}/var'
lt_ECHO='echo'
mandir='${datarootdir}/man'
mkdir_p='/bin/mkdir -p'
oldincludedir='/usr/include'
pdfdir='${docdir}'
pkgconfigdir='${libdir}/pkgconfig'
pkgdatadir='${datadir}/xtables'
prefix='/usr/local'
program_transform_name='s,x,x,'
psdir='${docdir}'
regular_CFLAGS='-D_LARGEFILE_SOURCE=1 -D_LARGE_FILES -D_FILE_OFFSET_BITS=64 	-D_REENTRANT -Wall -Waggregate-return -Wmissing-declarations 	-Wmissing-prototypes -Wredundant-decls -Wshadow -Wstrict-prototypes 	-Winline -pipe 	-DXTABLES_LIBDIR=\"${xtlibdir}\" -DXTABLES_INTERNAL'
sbindir='${exec_prefix}/sbin'
sharedstatedir='${prefix}/com'
sysconfdir='${prefix}/etc'
target_alias=''
xtlibdir='${exec_prefix}/libexec/xtables'

## ----------- ##
## confdefs.h. ##
## ----------- ##

/* confdefs.h */
#define PACKAGE_NAME "iptables"
#define PACKAGE_TARNAME "iptables"
#define PACKAGE_VERSION "1.4.10"
#define PACKAGE_STRING "iptables 1.4.10"
#define PACKAGE_BUGREPORT ""
#define PACKAGE_URL ""
#define PACKAGE "iptables"
#define VERSION "1.4.10"
#define STDC_HEADERS 1
#define HAVE_SYS_TYPES_H 1
#define HAVE_SYS_STAT_H 1
#define HAVE_STDLIB_H 1
#define HAVE_STRING_H 1
#define HAVE_MEMORY_H 1
#define HAVE_STRINGS_H 1
#define HAVE_INTTYPES_H 1
#define HAVE_STDINT_H 1
#define HAVE_UNISTD_H 1
#define HAVE_DLFCN_H 1
#define LT_OBJDIR ".libs/"

configure: exit 0
